<?xml version="1.0" encoding="UTF-8"?>
<!-- Generated by org.testng.reporters.JUnitXMLReporter -->
<testsuite hostname="ThameemAnsari" name="Surefire test" tests="2" failures="1" timestamp="26 Jun 2018 06:31:57 GMT" time="11.857" errors="0">
  <testcase name="testRoosterServiceFail" time="0.259" classname="com.sg.example.SpringBootWebApplicationTests">
    <failure type="java.lang.AssertionError" message="JSON path &amp;quot;$.sounds&amp;quot;
Expected: is &amp;quot;kocoraco&amp;quot;
     but: was &amp;quot;cocorico&amp;quot;">
      <![CDATA[java.lang.AssertionError: JSON path "$.sounds"
Expected: is "kocoraco"
     but: was "cocorico"
	at org.hamcrest.MatcherAssert.assertThat(MatcherAssert.java:20)
	at org.springframework.test.util.JsonPathExpectationsHelper.assertValue(JsonPathExpectationsHelper.java:74)
	at org.springframework.test.web.servlet.result.JsonPathResultMatchers$1.match(JsonPathResultMatchers.java:86)
	at org.springframework.test.web.servlet.MockMvc$1.andExpect(MockMvc.java:171)
	at com.sg.example.SpringBootWebApplicationTests.testRoosterServiceFail(SpringBootWebApplicationTests.java:50)
	at org.springframework.test.context.testng.AbstractTestNGSpringContextTests.run(AbstractTestNGSpringContextTests.java:175)
... Removed 34 stack frames]]>
    </failure>
  </testcase> <!-- testRoosterServiceFail -->
  <testcase name="testRoosterServicePass" time="0.016" classname="com.sg.example.SpringBootWebApplicationTests"/>
</testsuite> <!-- Surefire test -->
