<?xml version="1.0" encoding="UTF-8"?>
<testsuite name="com.sg.example.SpringBootWebApplicationTests" time="0.351" tests="2" errors="0" skipped="0" failures="1">
  <properties>
[...]
</properties>
  <testcase name="testRoosterServiceFail" classname="com.sg.example.SpringBootWebApplicationTests" time="0.266">
    <failure message="JSON path &quot;$.sounds&quot;&#10;Expected: is &quot;kocoraco&quot;&#10;     but: was &quot;cocorico&quot;" type="java.lang.AssertionError">java.lang.AssertionError: JSON path "$.sounds"
Expected: is "kocoraco"
     but: was "cocorico"
	at org.hamcrest.MatcherAssert.assertThat(MatcherAssert.java:20)
	at org.springframework.test.util.JsonPathExpectationsHelper.assertValue(JsonPathExpectationsHelper.java:74)
	at org.springframework.test.web.servlet.result.JsonPathResultMatchers$1.match(JsonPathResultMatchers.java:86)
	at org.springframework.test.web.servlet.MockMvc$1.andExpect(MockMvc.java:171)
	at com.sg.example.SpringBootWebApplicationTests.testRoosterServiceFail(SpringBootWebApplicationTests.java:50)
</failure>
    <system-out><![CDATA[Configuring TestNG with: TestNG652Configurator
14:31:44,449 |-INFO in ch.qos.logback.classic.LoggerContext[default] - Could NOT find resource [logback.groovy]
14:31:44,450 |-INFO in ch.qos.logback.classic.LoggerContext[default] - Could NOT find resource [logback-test.xml]
14:31:44,450 |-INFO in ch.qos.logback.classic.LoggerContext[default] - Found resource [logback.xml] at [file:/C:/Users/Thameem%20Ansari/Desktop/SB/spring-boot-api/target/classes/logback.xml]
14:31:45,006 |-INFO in ch.qos.logback.classic.joran.action.ConfigurationAction - debug attribute not set
14:31:45,178 |-INFO in ch.qos.logback.core.joran.action.AppenderAction - About to instantiate appender of type [ch.qos.logback.core.ConsoleAppender]
14:31:45,208 |-INFO in ch.qos.logback.core.joran.action.AppenderAction - Naming appender as [STDOUT]
14:31:45,391 |-WARN in ch.qos.logback.core.ConsoleAppender[STDOUT] - This appender no longer admits a layout as a sub-component, set an encoder instead.
14:31:45,391 |-WARN in ch.qos.logback.core.ConsoleAppender[STDOUT] - To ensure compatibility, wrapping your layout in LayoutWrappingEncoder.
14:31:45,391 |-WARN in ch.qos.logback.core.ConsoleAppender[STDOUT] - See also http://logback.qos.ch/codes.html#layoutInsteadOfEncoder for details
14:31:45,394 |-INFO in ch.qos.logback.classic.joran.action.LoggerAction - Setting level of logger [org.springframework.web] to ERROR
14:31:45,394 |-INFO in ch.qos.logback.classic.joran.action.LoggerAction - Setting additivity of logger [org.springframework.web] to false
14:31:45,394 |-INFO in ch.qos.logback.core.joran.action.AppenderRefAction - Attaching appender named [STDOUT] to Logger[org.springframework.web]
14:31:45,395 |-INFO in ch.qos.logback.classic.joran.action.LoggerAction - Setting level of logger [com.sg] to DEBUG
14:31:45,395 |-INFO in ch.qos.logback.classic.joran.action.LoggerAction - Setting additivity of logger [com.sg] to false
14:31:45,395 |-INFO in ch.qos.logback.core.joran.action.AppenderRefAction - Attaching appender named [STDOUT] to Logger[com.sg]
14:31:45,396 |-INFO in ch.qos.logback.classic.joran.action.RootLoggerAction - Setting level of ROOT logger to ERROR
14:31:45,396 |-INFO in ch.qos.logback.core.joran.action.AppenderRefAction - Attaching appender named [STDOUT] to Logger[ROOT]
14:31:45,396 |-INFO in ch.qos.logback.classic.joran.action.ConfigurationAction - End of configuration.
14:31:45,397 |-INFO in ch.qos.logback.classic.joran.JoranConfigurator@52f759d7 - Registering current configuration as safe fallback point


  .   ____          _            __ _ _
 /\\ / ___'_ __ _ _(_)_ __  __ _ \ \ \ \
( ( )\___ | '_ | '_| | '_ \/ _` | \ \ \ \
 \\/  ___)| |_)| | | | | || (_| |  ) ) ) )
  '  |____| .__|_| |_|_| |_\__, | / / / /
 =========|_|==============|___/=/_/_/_/
 :: Spring Boot ::        (v1.5.1.RELEASE)

2018-06-26 14:31:47 INFO  c.s.e.SpringBootWebApplicationTests - Starting SpringBootWebApplicationTests on ThameemAnsari with PID 7472 (started by Thameem Ansari in C:\Users\Thameem Ansari\Desktop\SB\spring-boot-api)
2018-06-26 14:31:47 DEBUG c.s.e.SpringBootWebApplicationTests - Running with Spring Boot v1.5.1.RELEASE, Spring v4.3.6.RELEASE
2018-06-26 14:31:47 INFO  c.s.e.SpringBootWebApplicationTests - No active profile set, falling back to default profiles: default
2018-06-26 14:31:56 INFO  c.s.e.SpringBootWebApplicationTests - Started SpringBootWebApplicationTests in 10.059 seconds (JVM running for 14.071)
2018-06-26 14:31:57 INFO  c.s.e.controller.SearchController - In side post request
2018-06-26 14:31:57 INFO  c.sg.example.services.RoosterService - In side service layer
2018-06-26 14:31:57 INFO  c.s.e.controller.SearchController - Result from post requestcocorico
]]></system-out>
  </testcase>
  <testcase name="testRoosterServicePass" classname="com.sg.example.SpringBootWebApplicationTests" time="0.085"/>
</testsuite>